[0.017s] Invoking command in '/home/ben/Desktop/swarm_crawler/build/swarm_crawler': /usr/bin/cmake /home/ben/Desktop/swarm_crawler/software/swarm_crawler -DCMAKE_INSTALL_PREFIX=/home/ben/Desktop/swarm_crawler/install/swarm_crawler
[0.122s] -- The C compiler identification is GNU 9.4.0
[0.204s] -- The CXX compiler identification is GNU 9.4.0
[0.211s] -- Check for working C compiler: /usr/bin/cc
[0.286s] -- Check for working C compiler: /usr/bin/cc -- works
[0.288s] -- Detecting C compiler ABI info
[0.375s] -- Detecting C compiler ABI info - done
[0.397s] -- Detecting C compile features
[0.397s] -- Detecting C compile features - done
[0.402s] -- Check for working CXX compiler: /usr/bin/c++
[0.496s] -- Check for working CXX compiler: /usr/bin/c++ -- works
[0.498s] -- Detecting CXX compiler ABI info
[0.594s] -- Detecting CXX compiler ABI info - done
[0.612s] -- Detecting CXX compile features
[0.613s] -- Detecting CXX compile features - done
[0.626s] CMake Error at CMakeLists.txt:9 (find_package):
[0.627s]   By not providing "Findament_cmake.cmake" in CMAKE_MODULE_PATH this project
[0.627s]   has asked CMake to find a package configuration file provided by
[0.627s]   "ament_cmake", but CMake did not find one.
[0.627s] 
[0.628s]   Could not find a package configuration file provided by "ament_cmake" with
[0.628s]   any of the following names:
[0.628s] 
[0.628s]     ament_cmakeConfig.cmake
[0.628s]     ament_cmake-config.cmake
[0.629s] 
[0.629s]   Add the installation prefix of "ament_cmake" to CMAKE_PREFIX_PATH or set
[0.629s]   "ament_cmake_DIR" to a directory containing one of the above files.  If
[0.629s]   "ament_cmake" provides a separate development package or SDK, be sure it
[0.629s]   has been installed.
[0.629s] 
[0.629s] 
[0.630s] -- Configuring incomplete, errors occurred!
[0.630s] See also "/home/ben/Desktop/swarm_crawler/build/swarm_crawler/CMakeFiles/CMakeOutput.log".
