CMake Error at CMakeLists.txt:2 (include):
  include could not find load file:

    /cmake/app/boilerplate.cmake


-- The C compiler identification is GNU 9.4.0
-- The CXX compiler identification is GNU 9.4.0
-- Check for working C compiler: /usr/bin/cc
-- Check for working C compiler: /usr/bin/cc -- works
-- Detecting C compiler ABI info
-- Detecting C compiler ABI info - done
-- Detecting C compile features
-- Detecting C compile features - done
-- Check for working CXX compiler: /usr/bin/c++
-- Check for working CXX compiler: /usr/bin/c++ -- works
-- Detecting CXX compiler ABI info
-- Detecting CXX compiler ABI info - done
-- Detecting CXX compile features
-- Detecting CXX compile features - done
CMake Error at CMakeLists.txt:15 (target_sources):
  Cannot specify sources for target "app" which is not built by this project.


-- Configuring incomplete, errors occurred!
See also "/home/ben/Desktop/swarm_crawler/build/swarm_crawler_001/CMakeFiles/CMakeOutput.log".
