[0.018s] Invoking command in '/home/ben/Desktop/swarm_crawler/build/swarm_crawler_001': /usr/bin/cmake /home/ben/Desktop/swarm_crawler/firmware/zephyr -DCMAKE_INSTALL_PREFIX=/home/ben/Desktop/swarm_crawler/install/swarm_crawler_001
[0.024s] CMake Error at CMakeLists.txt:2 (include):
[0.024s]   include could not find load file:
[0.024s] 
[0.024s]     /cmake/app/boilerplate.cmake
[0.024s] 
[0.024s] 
[0.117s] -- The C compiler identification is GNU 9.4.0
[0.200s] -- The CXX compiler identification is GNU 9.4.0
[0.207s] -- Check for working C compiler: /usr/bin/cc
[0.280s] -- Check for working C compiler: /usr/bin/cc -- works
[0.281s] -- Detecting C compiler ABI info
[0.373s] -- Detecting C compiler ABI info - done
[0.397s] -- Detecting C compile features
[0.398s] -- Detecting C compile features - done
[0.402s] -- Check for working CXX compiler: /usr/bin/c++
[0.498s] -- Check for working CXX compiler: /usr/bin/c++ -- works
[0.499s] -- Detecting CXX compiler ABI info
[0.601s] -- Detecting CXX compiler ABI info - done
[0.615s] -- Detecting CXX compile features
[0.617s] -- Detecting CXX compile features - done
[0.617s] CMake Error at CMakeLists.txt:15 (target_sources):
[0.617s]   Cannot specify sources for target "app" which is not built by this project.
[0.617s] 
[0.617s] 
[0.617s] -- Configuring incomplete, errors occurred!
[0.617s] See also "/home/ben/Desktop/swarm_crawler/build/swarm_crawler_001/CMakeFiles/CMakeOutput.log".
[0.625s] Invoked command in '/home/ben/Desktop/swarm_crawler/build/swarm_crawler_001' returned '1': /usr/bin/cmake /home/ben/Desktop/swarm_crawler/firmware/zephyr -DCMAKE_INSTALL_PREFIX=/home/ben/Desktop/swarm_crawler/install/swarm_crawler_001
