-- Found ament_cmake: 1.1.6 (/opt/ros/galactic/share/ament_cmake/cmake)
-- Found PythonInterp: /usr/bin/python3 (found suitable version "3.8.10", minimum required is "3") 
-- Using PYTHON_EXECUTABLE: /usr/bin/python3
-- Found rosidl_default_generators: 1.1.1 (/opt/ros/galactic/share/rosidl_default_generators/cmake)
-- Using all available rosidl_typesupport_c: rosidl_typesupport_fastrtps_c;rosidl_typesupport_introspection_c
-- Found rosidl_adapter: 2.2.3 (/opt/ros/galactic/share/rosidl_adapter/cmake)
-- Using all available rosidl_typesupport_cpp: rosidl_typesupport_fastrtps_cpp;rosidl_typesupport_introspection_cpp
-- Found PythonInterp: /usr/bin/python3 (found version "3.8.10") 
-- Found ament_cmake_ros: 0.9.2 (/opt/ros/galactic/share/ament_cmake_ros/cmake)
-- Using all available rosidl_typesupport_c: rosidl_typesupport_fastrtps_c;rosidl_typesupport_introspection_c
-- Using all available rosidl_typesupport_cpp: rosidl_typesupport_fastrtps_cpp;rosidl_typesupport_introspection_cpp
-- Found PythonInterp: /usr/bin/python3 (found suitable version "3.8.10", minimum required is "3.5") 
-- Found python_cmake_module: 0.8.1 (/opt/ros/galactic/share/python_cmake_module/cmake)
-- Using PYTHON_EXECUTABLE: /usr/bin/python3
-- Using PYTHON_INCLUDE_DIRS: /usr/include/python3.8
-- Using PYTHON_LIBRARIES: /usr/lib/x86_64-linux-gnu/libpython3.8.so
-- Found ament_lint_auto: 0.10.7 (/opt/ros/galactic/share/ament_lint_auto/cmake)
-- Added test 'copyright' to check source files copyright and LICENSE
-- Added test 'cppcheck' to perform static code analysis on C / C++ code
-- Configured cppcheck include dirs: $<BUILD_INTERFACE:/home/ben/Desktop/swarm_crawler/software/swarm_crawler/aruco_interface/build/aruco_interface/rosidl_generator_c>;/home/ben/Desktop/swarm_crawler/software/swarm_crawler/aruco_interface/build/aruco_interface/rosidl_generator_c;/home/ben/Desktop/swarm_crawler/software/swarm_crawler/aruco_interface/build/aruco_interface/rosidl_generator_cpp;/home/ben/Desktop/swarm_crawler/software/swarm_crawler/aruco_interface/build/aruco_interface/rosidl_typesupport_fastrtps_c;/home/ben/Desktop/swarm_crawler/software/swarm_crawler/aruco_interface/build/aruco_interface/rosidl_typesupport_fastrtps_cpp;$<BUILD_INTERFACE:/home/ben/Desktop/swarm_crawler/software/swarm_crawler/aruco_interface/build/aruco_interface/rosidl_typesupport_introspection_c>;$<BUILD_INTERFACE:/home/ben/Desktop/swarm_crawler/software/swarm_crawler/aruco_interface/build/aruco_interface/rosidl_typesupport_c>;$<BUILD_INTERFACE:/home/ben/Desktop/swarm_crawler/software/swarm_crawler/aruco_interface/build/aruco_interface/rosidl_generator_cpp>;/home/ben/Desktop/swarm_crawler/software/swarm_crawler/aruco_interface/build/aruco_interface/rosidl_generator_py
-- Configured cppcheck exclude dirs and/or files: 
-- Added test 'cpplint' to check C / C++ code against the Google style
-- Configured cpplint exclude dirs and/or files: 
-- Added test 'flake8' to check Python code syntax and style conventions
-- Added test 'lint_cmake' to check CMake code style
-- Added test 'pep257' to check Python code against some of the style conventions in PEP 257
-- Added test 'uncrustify' to check C / C++ code style
-- Configured uncrustify additional arguments: 
-- Added test 'xmllint' to check XML markup files
-- Configuring done
-- Generating done
-- Build files have been written to: /home/ben/Desktop/swarm_crawler/software/swarm_crawler/aruco_interface/build/aruco_interface
[  3%] [34m[1mGenerating C code for ROS interfaces[0m
[35m[1mScanning dependencies of target aruco_interface__cpp[0m
[  6%] [34m[1mGenerating C++ code for ROS interfaces[0m
[35m[1mScanning dependencies of target aruco_interface__rosidl_generator_c[0m
[  6%] Built target aruco_interface__cpp
[ 16%] [34m[1mGenerating C++ type support dispatch for ROS interfaces[0m
[ 16%] [34m[1mGenerating C++ type support for eProsima Fast-RTPS[0m
[ 16%] [34m[1mGenerating C++ introspection for ROS interfaces[0m
[ 19%] [32mBuilding C object CMakeFiles/aruco_interface__rosidl_generator_c.dir/rosidl_generator_c/aruco_interface/msg/detail/aruco_markers__functions.c.o[0m
[ 22%] [32m[1mLinking C shared library libaruco_interface__rosidl_generator_c.so[0m
[ 22%] Built target aruco_interface__rosidl_generator_c
[ 29%] [34m[1mGenerating C type support dispatch for ROS interfaces[0m
[ 29%] [34m[1mGenerating C introspection for ROS interfaces[0m
[35m[1mScanning dependencies of target aruco_interface__rosidl_typesupport_cpp[0m
[ 32%] [32mBuilding CXX object CMakeFiles/aruco_interface__rosidl_typesupport_cpp.dir/rosidl_typesupport_cpp/aruco_interface/msg/aruco_markers__type_support.cpp.o[0m
[35m[1mScanning dependencies of target aruco_interface__rosidl_typesupport_introspection_cpp[0m
[35m[1mScanning dependencies of target aruco_interface__rosidl_typesupport_fastrtps_cpp[0m
[ 35%] [32mBuilding CXX object CMakeFiles/aruco_interface__rosidl_typesupport_introspection_cpp.dir/rosidl_typesupport_introspection_cpp/aruco_interface/msg/detail/aruco_markers__type_support.cpp.o[0m
[ 38%] [32mBuilding CXX object CMakeFiles/aruco_interface__rosidl_typesupport_fastrtps_cpp.dir/rosidl_typesupport_fastrtps_cpp/aruco_interface/msg/detail/dds_fastrtps/aruco_markers__type_support.cpp.o[0m
[35m[1mScanning dependencies of target aruco_interface__rosidl_typesupport_c[0m
[ 41%] [32mBuilding CXX object CMakeFiles/aruco_interface__rosidl_typesupport_c.dir/rosidl_typesupport_c/aruco_interface/msg/aruco_markers__type_support.cpp.o[0m
[ 45%] [32m[1mLinking CXX shared library libaruco_interface__rosidl_typesupport_c.so[0m
[ 45%] Built target aruco_interface__rosidl_typesupport_c
[35m[1mScanning dependencies of target aruco_interface__rosidl_typesupport_introspection_c[0m
[ 48%] [32mBuilding C object CMakeFiles/aruco_interface__rosidl_typesupport_introspection_c.dir/rosidl_typesupport_introspection_c/aruco_interface/msg/detail/aruco_markers__type_support.c.o[0m
[ 54%] [32m[1mLinking CXX shared library libaruco_interface__rosidl_typesupport_cpp.so[0m
[ 54%] [32m[1mLinking C shared library libaruco_interface__rosidl_typesupport_introspection_c.so[0m
[ 54%] Built target aruco_interface__rosidl_typesupport_introspection_c
[ 54%] Built target aruco_interface__rosidl_typesupport_cpp
[ 58%] [32m[1mLinking CXX shared library libaruco_interface__rosidl_typesupport_introspection_cpp.so[0m
[ 58%] Built target aruco_interface__rosidl_typesupport_introspection_cpp
[ 61%] [32m[1mLinking CXX shared library libaruco_interface__rosidl_typesupport_fastrtps_cpp.so[0m
[ 61%] Built target aruco_interface__rosidl_typesupport_fastrtps_cpp
[ 64%] [34m[1mGenerating C type support for eProsima Fast-RTPS[0m
[35m[1mScanning dependencies of target aruco_interface__rosidl_typesupport_fastrtps_c[0m
[ 67%] [32mBuilding CXX object CMakeFiles/aruco_interface__rosidl_typesupport_fastrtps_c.dir/rosidl_typesupport_fastrtps_c/aruco_interface/msg/detail/aruco_markers__type_support_c.cpp.o[0m
[ 70%] [32m[1mLinking CXX shared library libaruco_interface__rosidl_typesupport_fastrtps_c.so[0m
[ 70%] Built target aruco_interface__rosidl_typesupport_fastrtps_c
[35m[1mScanning dependencies of target aruco_interface[0m
[ 70%] Built target aruco_interface
[35m[1mScanning dependencies of target aruco_interface__py[0m
[ 74%] [34m[1mGenerating Python code for ROS interfaces[0m
[ 74%] Built target aruco_interface__py
[35m[1mScanning dependencies of target aruco_interface__python[0m
[ 77%] [32mBuilding C object CMakeFiles/aruco_interface__python.dir/rosidl_generator_py/aruco_interface/msg/_aruco_markers_s.c.o[0m
[ 80%] [32m[1mLinking C shared library rosidl_generator_py/aruco_interface/libaruco_interface__python.so[0m
[ 80%] Built target aruco_interface__python
[35m[1mScanning dependencies of target aruco_interface__rosidl_typesupport_introspection_c__pyext[0m
[35m[1mScanning dependencies of target aruco_interface__rosidl_typesupport_fastrtps_c__pyext[0m
[35m[1mScanning dependencies of target aruco_interface__rosidl_typesupport_c__pyext[0m
[ 87%] [32mBuilding C object CMakeFiles/aruco_interface__rosidl_typesupport_introspection_c__pyext.dir/rosidl_generator_py/aruco_interface/_aruco_interface_s.ep.rosidl_typesupport_introspection_c.c.o[0m
[ 87%] [32mBuilding C object CMakeFiles/aruco_interface__rosidl_typesupport_c__pyext.dir/rosidl_generator_py/aruco_interface/_aruco_interface_s.ep.rosidl_typesupport_c.c.o[0m
[ 90%] [32mBuilding C object CMakeFiles/aruco_interface__rosidl_typesupport_fastrtps_c__pyext.dir/rosidl_generator_py/aruco_interface/_aruco_interface_s.ep.rosidl_typesupport_fastrtps_c.c.o[0m
[ 96%] [32m[1mLinking C shared library rosidl_generator_py/aruco_interface/aruco_interface_s__rosidl_typesupport_c.cpython-38-x86_64-linux-gnu.so[0m
[ 96%] [32m[1mLinking C shared library rosidl_generator_py/aruco_interface/aruco_interface_s__rosidl_typesupport_introspection_c.cpython-38-x86_64-linux-gnu.so[0m
[100%] [32m[1mLinking CXX shared library rosidl_generator_py/aruco_interface/aruco_interface_s__rosidl_typesupport_fastrtps_c.cpython-38-x86_64-linux-gnu.so[0m
[100%] Built target aruco_interface__rosidl_typesupport_c__pyext
[100%] Built target aruco_interface__rosidl_typesupport_introspection_c__pyext
[100%] Built target aruco_interface__rosidl_typesupport_fastrtps_c__pyext
-- Install configuration: ""
-- Installing: /home/ben/Desktop/swarm_crawler/software/swarm_crawler/aruco_interface/install/aruco_interface/share/ament_index/resource_index/rosidl_interfaces/aruco_interface
-- Installing: /home/ben/Desktop/swarm_crawler/software/swarm_crawler/aruco_interface/install/aruco_interface/include/aruco_interface
-- Installing: /home/ben/Desktop/swarm_crawler/software/swarm_crawler/aruco_interface/install/aruco_interface/include/aruco_interface/msg
-- Installing: /home/ben/Desktop/swarm_crawler/software/swarm_crawler/aruco_interface/install/aruco_interface/include/aruco_interface/msg/detail
-- Installing: /home/ben/Desktop/swarm_crawler/software/swarm_crawler/aruco_interface/install/aruco_interface/include/aruco_interface/msg/detail/aruco_markers__type_support.h
-- Installing: /home/ben/Desktop/swarm_crawler/software/swarm_crawler/aruco_interface/install/aruco_interface/include/aruco_interface/msg/detail/aruco_markers__functions.c
-- Installing: /home/ben/Desktop/swarm_crawler/software/swarm_crawler/aruco_interface/install/aruco_interface/include/aruco_interface/msg/detail/aruco_markers__struct.h
-- Installing: /home/ben/Desktop/swarm_crawler/software/swarm_crawler/aruco_interface/install/aruco_interface/include/aruco_interface/msg/detail/aruco_markers__functions.h
-- Installing: /home/ben/Desktop/swarm_crawler/software/swarm_crawler/aruco_interface/install/aruco_interface/include/aruco_interface/msg/aruco_markers.h
-- Installing: /home/ben/Desktop/swarm_crawler/software/swarm_crawler/aruco_interface/install/aruco_interface/include/aruco_interface/msg/rosidl_generator_c__visibility_control.h
-- Installing: /home/ben/Desktop/swarm_crawler/software/swarm_crawler/aruco_interface/install/aruco_interface/share/aruco_interface/environment/library_path.sh
-- Installing: /home/ben/Desktop/swarm_crawler/software/swarm_crawler/aruco_interface/install/aruco_interface/share/aruco_interface/environment/library_path.dsv
-- Installing: /home/ben/Desktop/swarm_crawler/software/swarm_crawler/aruco_interface/install/aruco_interface/lib/libaruco_interface__rosidl_generator_c.so
-- Set runtime path of "/home/ben/Desktop/swarm_crawler/software/swarm_crawler/aruco_interface/install/aruco_interface/lib/libaruco_interface__rosidl_generator_c.so" to ""
-- Up-to-date: /home/ben/Desktop/swarm_crawler/software/swarm_crawler/aruco_interface/install/aruco_interface/include/aruco_interface
-- Up-to-date: /home/ben/Desktop/swarm_crawler/software/swarm_crawler/aruco_interface/install/aruco_interface/include/aruco_interface/msg
-- Up-to-date: /home/ben/Desktop/swarm_crawler/software/swarm_crawler/aruco_interface/install/aruco_interface/include/aruco_interface/msg/detail
-- Installing: /home/ben/Desktop/swarm_crawler/software/swarm_crawler/aruco_interface/install/aruco_interface/include/aruco_interface/msg/detail/aruco_markers__rosidl_typesupport_fastrtps_c.h
-- Installing: /home/ben/Desktop/swarm_crawler/software/swarm_crawler/aruco_interface/install/aruco_interface/include/aruco_interface/msg/rosidl_typesupport_fastrtps_c__visibility_control.h
-- Installing: /home/ben/Desktop/swarm_crawler/software/swarm_crawler/aruco_interface/install/aruco_interface/lib/libaruco_interface__rosidl_typesupport_fastrtps_c.so
-- Set runtime path of "/home/ben/Desktop/swarm_crawler/software/swarm_crawler/aruco_interface/install/aruco_interface/lib/libaruco_interface__rosidl_typesupport_fastrtps_c.so" to ""
-- Up-to-date: /home/ben/Desktop/swarm_crawler/software/swarm_crawler/aruco_interface/install/aruco_interface/include/aruco_interface
-- Up-to-date: /home/ben/Desktop/swarm_crawler/software/swarm_crawler/aruco_interface/install/aruco_interface/include/aruco_interface/msg
-- Up-to-date: /home/ben/Desktop/swarm_crawler/software/swarm_crawler/aruco_interface/install/aruco_interface/include/aruco_interface/msg/detail
-- Installing: /home/ben/Desktop/swarm_crawler/software/swarm_crawler/aruco_interface/install/aruco_interface/include/aruco_interface/msg/detail/dds_fastrtps
-- Installing: /home/ben/Desktop/swarm_crawler/software/swarm_crawler/aruco_interface/install/aruco_interface/include/aruco_interface/msg/detail/aruco_markers__rosidl_typesupport_fastrtps_cpp.hpp
-- Installing: /home/ben/Desktop/swarm_crawler/software/swarm_crawler/aruco_interface/install/aruco_interface/include/aruco_interface/msg/rosidl_typesupport_fastrtps_cpp__visibility_control.h
-- Installing: /home/ben/Desktop/swarm_crawler/software/swarm_crawler/aruco_interface/install/aruco_interface/lib/libaruco_interface__rosidl_typesupport_fastrtps_cpp.so
-- Set runtime path of "/home/ben/Desktop/swarm_crawler/software/swarm_crawler/aruco_interface/install/aruco_interface/lib/libaruco_interface__rosidl_typesupport_fastrtps_cpp.so" to ""
-- Up-to-date: /home/ben/Desktop/swarm_crawler/software/swarm_crawler/aruco_interface/install/aruco_interface/include/aruco_interface
-- Up-to-date: /home/ben/Desktop/swarm_crawler/software/swarm_crawler/aruco_interface/install/aruco_interface/include/aruco_interface/msg
-- Installing: /home/ben/Desktop/swarm_crawler/software/swarm_crawler/aruco_interface/install/aruco_interface/include/aruco_interface/msg/rosidl_typesupport_introspection_c__visibility_control.h
-- Up-to-date: /home/ben/Desktop/swarm_crawler/software/swarm_crawler/aruco_interface/install/aruco_interface/include/aruco_interface/msg/detail
-- Installing: /home/ben/Desktop/swarm_crawler/software/swarm_crawler/aruco_interface/install/aruco_interface/include/aruco_interface/msg/detail/aruco_markers__type_support.c
-- Installing: /home/ben/Desktop/swarm_crawler/software/swarm_crawler/aruco_interface/install/aruco_interface/include/aruco_interface/msg/detail/aruco_markers__rosidl_typesupport_introspection_c.h
-- Installing: /home/ben/Desktop/swarm_crawler/software/swarm_crawler/aruco_interface/install/aruco_interface/lib/libaruco_interface__rosidl_typesupport_introspection_c.so
-- Set runtime path of "/home/ben/Desktop/swarm_crawler/software/swarm_crawler/aruco_interface/install/aruco_interface/lib/libaruco_interface__rosidl_typesupport_introspection_c.so" to ""
-- Installing: /home/ben/Desktop/swarm_crawler/software/swarm_crawler/aruco_interface/install/aruco_interface/lib/libaruco_interface__rosidl_typesupport_c.so
-- Set runtime path of "/home/ben/Desktop/swarm_crawler/software/swarm_crawler/aruco_interface/install/aruco_interface/lib/libaruco_interface__rosidl_typesupport_c.so" to ""
-- Up-to-date: /home/ben/Desktop/swarm_crawler/software/swarm_crawler/aruco_interface/install/aruco_interface/include/aruco_interface
-- Up-to-date: /home/ben/Desktop/swarm_crawler/software/swarm_crawler/aruco_interface/install/aruco_interface/include/aruco_interface/msg
-- Installing: /home/ben/Desktop/swarm_crawler/software/swarm_crawler/aruco_interface/install/aruco_interface/include/aruco_interface/msg/aruco_markers.hpp
-- Up-to-date: /home/ben/Desktop/swarm_crawler/software/swarm_crawler/aruco_interface/install/aruco_interface/include/aruco_interface/msg/detail
-- Installing: /home/ben/Desktop/swarm_crawler/software/swarm_crawler/aruco_interface/install/aruco_interface/include/aruco_interface/msg/detail/aruco_markers__struct.hpp
-- Installing: /home/ben/Desktop/swarm_crawler/software/swarm_crawler/aruco_interface/install/aruco_interface/include/aruco_interface/msg/detail/aruco_markers__builder.hpp
-- Installing: /home/ben/Desktop/swarm_crawler/software/swarm_crawler/aruco_interface/install/aruco_interface/include/aruco_interface/msg/detail/aruco_markers__traits.hpp
-- Up-to-date: /home/ben/Desktop/swarm_crawler/software/swarm_crawler/aruco_interface/install/aruco_interface/include/aruco_interface
-- Up-to-date: /home/ben/Desktop/swarm_crawler/software/swarm_crawler/aruco_interface/install/aruco_interface/include/aruco_interface/msg
-- Up-to-date: /home/ben/Desktop/swarm_crawler/software/swarm_crawler/aruco_interface/install/aruco_interface/include/aruco_interface/msg/detail
-- Installing: /home/ben/Desktop/swarm_crawler/software/swarm_crawler/aruco_interface/install/aruco_interface/include/aruco_interface/msg/detail/aruco_markers__type_support.cpp
-- Installing: /home/ben/Desktop/swarm_crawler/software/swarm_crawler/aruco_interface/install/aruco_interface/include/aruco_interface/msg/detail/aruco_markers__rosidl_typesupport_introspection_cpp.hpp
-- Installing: /home/ben/Desktop/swarm_crawler/software/swarm_crawler/aruco_interface/install/aruco_interface/lib/libaruco_interface__rosidl_typesupport_introspection_cpp.so
-- Set runtime path of "/home/ben/Desktop/swarm_crawler/software/swarm_crawler/aruco_interface/install/aruco_interface/lib/libaruco_interface__rosidl_typesupport_introspection_cpp.so" to ""
-- Installing: /home/ben/Desktop/swarm_crawler/software/swarm_crawler/aruco_interface/install/aruco_interface/lib/libaruco_interface__rosidl_typesupport_cpp.so
-- Set runtime path of "/home/ben/Desktop/swarm_crawler/software/swarm_crawler/aruco_interface/install/aruco_interface/lib/libaruco_interface__rosidl_typesupport_cpp.so" to ""
-- Installing: /home/ben/Desktop/swarm_crawler/software/swarm_crawler/aruco_interface/install/aruco_interface/share/aruco_interface/environment/pythonpath.sh
-- Installing: /home/ben/Desktop/swarm_crawler/software/swarm_crawler/aruco_interface/install/aruco_interface/share/aruco_interface/environment/pythonpath.dsv
-- Installing: /home/ben/Desktop/swarm_crawler/software/swarm_crawler/aruco_interface/install/aruco_interface/lib/python3.8/site-packages/aruco_interface/__init__.py
Compiling '/home/ben/Desktop/swarm_crawler/software/swarm_crawler/aruco_interface/install/aruco_interface/lib/python3.8/site-packages/aruco_interface/__init__.py'...
-- Installing: /home/ben/Desktop/swarm_crawler/software/swarm_crawler/aruco_interface/install/aruco_interface/lib/python3.8/site-packages/aruco_interface/msg
-- Installing: /home/ben/Desktop/swarm_crawler/software/swarm_crawler/aruco_interface/install/aruco_interface/lib/python3.8/site-packages/aruco_interface/msg/_aruco_markers.py
-- Installing: /home/ben/Desktop/swarm_crawler/software/swarm_crawler/aruco_interface/install/aruco_interface/lib/python3.8/site-packages/aruco_interface/msg/__init__.py
-- Installing: /home/ben/Desktop/swarm_crawler/software/swarm_crawler/aruco_interface/install/aruco_interface/lib/python3.8/site-packages/aruco_interface/msg/_aruco_markers_s.c
-- Installing: /home/ben/Desktop/swarm_crawler/software/swarm_crawler/aruco_interface/install/aruco_interface/lib/python3.8/site-packages/aruco_interface/aruco_interface_s__rosidl_typesupport_fastrtps_c.cpython-38-x86_64-linux-gnu.so
-- Set runtime path of "/home/ben/Desktop/swarm_crawler/software/swarm_crawler/aruco_interface/install/aruco_interface/lib/python3.8/site-packages/aruco_interface/aruco_interface_s__rosidl_typesupport_fastrtps_c.cpython-38-x86_64-linux-gnu.so" to ""
-- Installing: /home/ben/Desktop/swarm_crawler/software/swarm_crawler/aruco_interface/install/aruco_interface/lib/python3.8/site-packages/aruco_interface/aruco_interface_s__rosidl_typesupport_introspection_c.cpython-38-x86_64-linux-gnu.so
-- Set runtime path of "/home/ben/Desktop/swarm_crawler/software/swarm_crawler/aruco_interface/install/aruco_interface/lib/python3.8/site-packages/aruco_interface/aruco_interface_s__rosidl_typesupport_introspection_c.cpython-38-x86_64-linux-gnu.so" to ""
-- Installing: /home/ben/Desktop/swarm_crawler/software/swarm_crawler/aruco_interface/install/aruco_interface/lib/python3.8/site-packages/aruco_interface/aruco_interface_s__rosidl_typesupport_c.cpython-38-x86_64-linux-gnu.so
-- Set runtime path of "/home/ben/Desktop/swarm_crawler/software/swarm_crawler/aruco_interface/install/aruco_interface/lib/python3.8/site-packages/aruco_interface/aruco_interface_s__rosidl_typesupport_c.cpython-38-x86_64-linux-gnu.so" to ""
-- Installing: /home/ben/Desktop/swarm_crawler/software/swarm_crawler/aruco_interface/install/aruco_interface/lib/libaruco_interface__python.so
-- Set runtime path of "/home/ben/Desktop/swarm_crawler/software/swarm_crawler/aruco_interface/install/aruco_interface/lib/libaruco_interface__python.so" to ""
-- Installing: /home/ben/Desktop/swarm_crawler/software/swarm_crawler/aruco_interface/install/aruco_interface/share/aruco_interface/msg/ArucoMarkers.idl
-- Installing: /home/ben/Desktop/swarm_crawler/software/swarm_crawler/aruco_interface/install/aruco_interface/share/aruco_interface/msg/ArucoMarkers.msg
-- Installing: /home/ben/Desktop/swarm_crawler/software/swarm_crawler/aruco_interface/install/aruco_interface/share/ament_index/resource_index/package_run_dependencies/aruco_interface
-- Up-to-date: /home/ben/Desktop/swarm_crawler/software/swarm_crawler/aruco_interface/install/aruco_interface/share/ament_index/resource_index/parent_prefix_path/aruco_interface
-- Up-to-date: /home/ben/Desktop/swarm_crawler/software/swarm_crawler/aruco_interface/install/aruco_interface/share/aruco_interface/environment/ament_prefix_path.sh
-- Installing: /home/ben/Desktop/swarm_crawler/software/swarm_crawler/aruco_interface/install/aruco_interface/share/aruco_interface/environment/ament_prefix_path.dsv
-- Up-to-date: /home/ben/Desktop/swarm_crawler/software/swarm_crawler/aruco_interface/install/aruco_interface/share/aruco_interface/environment/path.sh
-- Installing: /home/ben/Desktop/swarm_crawler/software/swarm_crawler/aruco_interface/install/aruco_interface/share/aruco_interface/environment/path.dsv
-- Up-to-date: /home/ben/Desktop/swarm_crawler/software/swarm_crawler/aruco_interface/install/aruco_interface/share/aruco_interface/local_setup.bash
-- Installing: /home/ben/Desktop/swarm_crawler/software/swarm_crawler/aruco_interface/install/aruco_interface/share/aruco_interface/local_setup.sh
-- Up-to-date: /home/ben/Desktop/swarm_crawler/software/swarm_crawler/aruco_interface/install/aruco_interface/share/aruco_interface/local_setup.zsh
-- Installing: /home/ben/Desktop/swarm_crawler/software/swarm_crawler/aruco_interface/install/aruco_interface/share/aruco_interface/local_setup.dsv
-- Installing: /home/ben/Desktop/swarm_crawler/software/swarm_crawler/aruco_interface/install/aruco_interface/share/aruco_interface/package.dsv
-- Up-to-date: /home/ben/Desktop/swarm_crawler/software/swarm_crawler/aruco_interface/install/aruco_interface/share/ament_index/resource_index/packages/aruco_interface
-- Installing: /home/ben/Desktop/swarm_crawler/software/swarm_crawler/aruco_interface/install/aruco_interface/share/aruco_interface/cmake/aruco_interface__rosidl_generator_cExport.cmake
-- Installing: /home/ben/Desktop/swarm_crawler/software/swarm_crawler/aruco_interface/install/aruco_interface/share/aruco_interface/cmake/aruco_interface__rosidl_generator_cExport-noconfig.cmake
-- Installing: /home/ben/Desktop/swarm_crawler/software/swarm_crawler/aruco_interface/install/aruco_interface/share/aruco_interface/cmake/aruco_interface__rosidl_typesupport_introspection_cExport.cmake
-- Installing: /home/ben/Desktop/swarm_crawler/software/swarm_crawler/aruco_interface/install/aruco_interface/share/aruco_interface/cmake/aruco_interface__rosidl_typesupport_introspection_cExport-noconfig.cmake
-- Installing: /home/ben/Desktop/swarm_crawler/software/swarm_crawler/aruco_interface/install/aruco_interface/share/aruco_interface/cmake/aruco_interface__rosidl_typesupport_cExport.cmake
-- Installing: /home/ben/Desktop/swarm_crawler/software/swarm_crawler/aruco_interface/install/aruco_interface/share/aruco_interface/cmake/aruco_interface__rosidl_typesupport_cExport-noconfig.cmake
-- Installing: /home/ben/Desktop/swarm_crawler/software/swarm_crawler/aruco_interface/install/aruco_interface/share/aruco_interface/cmake/aruco_interface__rosidl_generator_cppExport.cmake
-- Installing: /home/ben/Desktop/swarm_crawler/software/swarm_crawler/aruco_interface/install/aruco_interface/share/aruco_interface/cmake/aruco_interface__rosidl_typesupport_introspection_cppExport.cmake
-- Installing: /home/ben/Desktop/swarm_crawler/software/swarm_crawler/aruco_interface/install/aruco_interface/share/aruco_interface/cmake/aruco_interface__rosidl_typesupport_introspection_cppExport-noconfig.cmake
-- Installing: /home/ben/Desktop/swarm_crawler/software/swarm_crawler/aruco_interface/install/aruco_interface/share/aruco_interface/cmake/aruco_interface__rosidl_typesupport_cppExport.cmake
-- Installing: /home/ben/Desktop/swarm_crawler/software/swarm_crawler/aruco_interface/install/aruco_interface/share/aruco_interface/cmake/aruco_interface__rosidl_typesupport_cppExport-noconfig.cmake
-- Installing: /home/ben/Desktop/swarm_crawler/software/swarm_crawler/aruco_interface/install/aruco_interface/share/aruco_interface/cmake/rosidl_cmake-extras.cmake
-- Installing: /home/ben/Desktop/swarm_crawler/software/swarm_crawler/aruco_interface/install/aruco_interface/share/aruco_interface/cmake/ament_cmake_export_dependencies-extras.cmake
-- Installing: /home/ben/Desktop/swarm_crawler/software/swarm_crawler/aruco_interface/install/aruco_interface/share/aruco_interface/cmake/ament_cmake_export_libraries-extras.cmake
-- Installing: /home/ben/Desktop/swarm_crawler/software/swarm_crawler/aruco_interface/install/aruco_interface/share/aruco_interface/cmake/ament_cmake_export_targets-extras.cmake
-- Installing: /home/ben/Desktop/swarm_crawler/software/swarm_crawler/aruco_interface/install/aruco_interface/share/aruco_interface/cmake/ament_cmake_export_include_directories-extras.cmake
-- Installing: /home/ben/Desktop/swarm_crawler/software/swarm_crawler/aruco_interface/install/aruco_interface/share/aruco_interface/cmake/rosidl_cmake_export_typesupport_libraries-extras.cmake
-- Installing: /home/ben/Desktop/swarm_crawler/software/swarm_crawler/aruco_interface/install/aruco_interface/share/aruco_interface/cmake/rosidl_cmake_export_typesupport_targets-extras.cmake
-- Installing: /home/ben/Desktop/swarm_crawler/software/swarm_crawler/aruco_interface/install/aruco_interface/share/aruco_interface/cmake/aruco_interfaceConfig.cmake
-- Up-to-date: /home/ben/Desktop/swarm_crawler/software/swarm_crawler/aruco_interface/install/aruco_interface/share/aruco_interface/cmake/aruco_interfaceConfig-version.cmake
-- Installing: /home/ben/Desktop/swarm_crawler/software/swarm_crawler/aruco_interface/install/aruco_interface/share/aruco_interface/package.xml
