[0.025s] Invoking command in '/home/ben/Desktop/swarm_crawler/software/swarm_crawler/aruco_interface/build/aruco_interface': CMAKE_PREFIX_PATH=${CMAKE_PREFIX_PATH}:/opt/ros/galactic /usr/bin/cmake --build /home/ben/Desktop/swarm_crawler/software/swarm_crawler/aruco_interface/build/aruco_interface -- -j12 -l12
[0.048s] -- Found ament_cmake: 1.1.6 (/opt/ros/galactic/share/ament_cmake/cmake)
[0.068s] -- Found PythonInterp: /usr/bin/python3 (found suitable version "3.8.10", minimum required is "3") 
[0.068s] -- Using PYTHON_EXECUTABLE: /usr/bin/python3
[0.128s] -- Found rosidl_default_generators: 1.1.1 (/opt/ros/galactic/share/rosidl_default_generators/cmake)
[0.131s] -- Using all available rosidl_typesupport_c: rosidl_typesupport_fastrtps_c;rosidl_typesupport_introspection_c
[0.134s] -- Found rosidl_adapter: 2.2.3 (/opt/ros/galactic/share/rosidl_adapter/cmake)
[0.270s] -- Using all available rosidl_typesupport_cpp: rosidl_typesupport_fastrtps_cpp;rosidl_typesupport_introspection_cpp
[0.316s] -- Found PythonInterp: /usr/bin/python3 (found version "3.8.10") 
[0.420s] -- Found ament_cmake_ros: 0.9.2 (/opt/ros/galactic/share/ament_cmake_ros/cmake)
[0.514s] -- Using all available rosidl_typesupport_c: rosidl_typesupport_fastrtps_c;rosidl_typesupport_introspection_c
[0.525s] -- Using all available rosidl_typesupport_cpp: rosidl_typesupport_fastrtps_cpp;rosidl_typesupport_introspection_cpp
[0.554s] -- Found PythonInterp: /usr/bin/python3 (found suitable version "3.8.10", minimum required is "3.5") 
[0.554s] -- Found python_cmake_module: 0.8.1 (/opt/ros/galactic/share/python_cmake_module/cmake)
[0.574s] -- Using PYTHON_EXECUTABLE: /usr/bin/python3
[0.574s] -- Using PYTHON_INCLUDE_DIRS: /usr/include/python3.8
[0.574s] -- Using PYTHON_LIBRARIES: /usr/lib/x86_64-linux-gnu/libpython3.8.so
[0.587s] -- Found ament_lint_auto: 0.10.7 (/opt/ros/galactic/share/ament_lint_auto/cmake)
[0.597s] -- Added test 'copyright' to check source files copyright and LICENSE
[0.627s] -- Added test 'cppcheck' to perform static code analysis on C / C++ code
[0.628s] -- Configured cppcheck include dirs: $<BUILD_INTERFACE:/home/ben/Desktop/swarm_crawler/software/swarm_crawler/aruco_interface/build/aruco_interface/rosidl_generator_c>;/home/ben/Desktop/swarm_crawler/software/swarm_crawler/aruco_interface/build/aruco_interface/rosidl_generator_c;/home/ben/Desktop/swarm_crawler/software/swarm_crawler/aruco_interface/build/aruco_interface/rosidl_generator_cpp;/home/ben/Desktop/swarm_crawler/software/swarm_crawler/aruco_interface/build/aruco_interface/rosidl_typesupport_fastrtps_c;/home/ben/Desktop/swarm_crawler/software/swarm_crawler/aruco_interface/build/aruco_interface/rosidl_typesupport_fastrtps_cpp;$<BUILD_INTERFACE:/home/ben/Desktop/swarm_crawler/software/swarm_crawler/aruco_interface/build/aruco_interface/rosidl_typesupport_introspection_c>;$<BUILD_INTERFACE:/home/ben/Desktop/swarm_crawler/software/swarm_crawler/aruco_interface/build/aruco_interface/rosidl_typesupport_c>;$<BUILD_INTERFACE:/home/ben/Desktop/swarm_crawler/software/swarm_crawler/aruco_interface/build/aruco_interface/rosidl_generator_cpp>;/home/ben/Desktop/swarm_crawler/software/swarm_crawler/aruco_interface/build/aruco_interface/rosidl_generator_py
[0.629s] -- Configured cppcheck exclude dirs and/or files: 
[0.652s] -- Added test 'cpplint' to check C / C++ code against the Google style
[0.652s] -- Configured cpplint exclude dirs and/or files: 
[0.655s] -- Added test 'flake8' to check Python code syntax and style conventions
[0.661s] -- Added test 'lint_cmake' to check CMake code style
[0.664s] -- Added test 'pep257' to check Python code against some of the style conventions in PEP 257
[0.688s] -- Added test 'uncrustify' to check C / C++ code style
[0.688s] -- Configured uncrustify additional arguments: 
[0.691s] -- Added test 'xmllint' to check XML markup files
[0.695s] -- Configuring done
[0.735s] -- Generating done
[0.738s] -- Build files have been written to: /home/ben/Desktop/swarm_crawler/software/swarm_crawler/aruco_interface/build/aruco_interface
[0.761s] [  3%] [34m[1mGenerating C code for ROS interfaces[0m
[0.762s] [35m[1mScanning dependencies of target aruco_interface__cpp[0m
[0.772s] [  6%] [34m[1mGenerating C++ code for ROS interfaces[0m
[0.988s] [35m[1mScanning dependencies of target aruco_interface__rosidl_generator_c[0m
[0.989s] [  6%] Built target aruco_interface__cpp
[1.000s] [ 16%] [34m[1mGenerating C++ type support dispatch for ROS interfaces[0m
[1.000s] [ 16%] [34m[1mGenerating C++ type support for eProsima Fast-RTPS[0m
[1.000s] [ 16%] [34m[1mGenerating C++ introspection for ROS interfaces[0m
[1.001s] [ 19%] [32mBuilding C object CMakeFiles/aruco_interface__rosidl_generator_c.dir/rosidl_generator_c/aruco_interface/msg/detail/aruco_markers__functions.c.o[0m
[1.057s] [ 22%] [32m[1mLinking C shared library libaruco_interface__rosidl_generator_c.so[0m
[1.093s] [ 22%] Built target aruco_interface__rosidl_generator_c
[1.105s] [ 29%] [34m[1mGenerating C type support dispatch for ROS interfaces[0m
[1.105s] [ 29%] [34m[1mGenerating C introspection for ROS interfaces[0m
[1.209s] [35m[1mScanning dependencies of target aruco_interface__rosidl_typesupport_cpp[0m
[1.234s] [ 32%] [32mBuilding CXX object CMakeFiles/aruco_interface__rosidl_typesupport_cpp.dir/rosidl_typesupport_cpp/aruco_interface/msg/aruco_markers__type_support.cpp.o[0m
[1.241s] [35m[1mScanning dependencies of target aruco_interface__rosidl_typesupport_introspection_cpp[0m
[1.244s] [35m[1mScanning dependencies of target aruco_interface__rosidl_typesupport_fastrtps_cpp[0m
[1.255s] [ 35%] [32mBuilding CXX object CMakeFiles/aruco_interface__rosidl_typesupport_introspection_cpp.dir/rosidl_typesupport_introspection_cpp/aruco_interface/msg/detail/aruco_markers__type_support.cpp.o[0m
[1.260s] [ 38%] [32mBuilding CXX object CMakeFiles/aruco_interface__rosidl_typesupport_fastrtps_cpp.dir/rosidl_typesupport_fastrtps_cpp/aruco_interface/msg/detail/dds_fastrtps/aruco_markers__type_support.cpp.o[0m
[1.342s] [35m[1mScanning dependencies of target aruco_interface__rosidl_typesupport_c[0m
[1.355s] [ 41%] [32mBuilding CXX object CMakeFiles/aruco_interface__rosidl_typesupport_c.dir/rosidl_typesupport_c/aruco_interface/msg/aruco_markers__type_support.cpp.o[0m
[1.391s] [ 45%] [32m[1mLinking CXX shared library libaruco_interface__rosidl_typesupport_c.so[0m
[1.448s] [ 45%] Built target aruco_interface__rosidl_typesupport_c
[1.486s] [35m[1mScanning dependencies of target aruco_interface__rosidl_typesupport_introspection_c[0m
[1.503s] [ 48%] [32mBuilding C object CMakeFiles/aruco_interface__rosidl_typesupport_introspection_c.dir/rosidl_typesupport_introspection_c/aruco_interface/msg/detail/aruco_markers__type_support.c.o[0m
[1.559s] [ 54%] [32m[1mLinking CXX shared library libaruco_interface__rosidl_typesupport_cpp.so[0m
[1.560s] [ 54%] [32m[1mLinking C shared library libaruco_interface__rosidl_typesupport_introspection_c.so[0m
[1.596s] [ 54%] Built target aruco_interface__rosidl_typesupport_introspection_c
[1.611s] [ 54%] Built target aruco_interface__rosidl_typesupport_cpp
[1.681s] [ 58%] [32m[1mLinking CXX shared library libaruco_interface__rosidl_typesupport_introspection_cpp.so[0m
[1.769s] [ 58%] Built target aruco_interface__rosidl_typesupport_introspection_cpp
[1.823s] [ 61%] [32m[1mLinking CXX shared library libaruco_interface__rosidl_typesupport_fastrtps_cpp.so[0m
[1.912s] [ 61%] Built target aruco_interface__rosidl_typesupport_fastrtps_cpp
[1.927s] [ 64%] [34m[1mGenerating C type support for eProsima Fast-RTPS[0m
[2.154s] [35m[1mScanning dependencies of target aruco_interface__rosidl_typesupport_fastrtps_c[0m
[2.169s] [ 67%] [32mBuilding CXX object CMakeFiles/aruco_interface__rosidl_typesupport_fastrtps_c.dir/rosidl_typesupport_fastrtps_c/aruco_interface/msg/detail/aruco_markers__type_support_c.cpp.o[0m
[2.521s] [ 70%] [32m[1mLinking CXX shared library libaruco_interface__rosidl_typesupport_fastrtps_c.so[0m
[2.615s] [ 70%] Built target aruco_interface__rosidl_typesupport_fastrtps_c
[2.628s] [35m[1mScanning dependencies of target aruco_interface[0m
[2.638s] [ 70%] Built target aruco_interface
[2.649s] [35m[1mScanning dependencies of target aruco_interface__py[0m
[2.659s] [ 74%] [34m[1mGenerating Python code for ROS interfaces[0m
[3.078s] [ 74%] Built target aruco_interface__py
[3.089s] [35m[1mScanning dependencies of target aruco_interface__python[0m
[3.109s] [ 77%] [32mBuilding C object CMakeFiles/aruco_interface__python.dir/rosidl_generator_py/aruco_interface/msg/_aruco_markers_s.c.o[0m
[3.215s] [ 80%] [32m[1mLinking C shared library rosidl_generator_py/aruco_interface/libaruco_interface__python.so[0m
[3.261s] [ 80%] Built target aruco_interface__python
[3.272s] [35m[1mScanning dependencies of target aruco_interface__rosidl_typesupport_introspection_c__pyext[0m
[3.272s] [35m[1mScanning dependencies of target aruco_interface__rosidl_typesupport_fastrtps_c__pyext[0m
[3.272s] [35m[1mScanning dependencies of target aruco_interface__rosidl_typesupport_c__pyext[0m
[3.290s] [ 87%] [32mBuilding C object CMakeFiles/aruco_interface__rosidl_typesupport_introspection_c__pyext.dir/rosidl_generator_py/aruco_interface/_aruco_interface_s.ep.rosidl_typesupport_introspection_c.c.o[0m
[3.290s] [ 87%] [32mBuilding C object CMakeFiles/aruco_interface__rosidl_typesupport_c__pyext.dir/rosidl_generator_py/aruco_interface/_aruco_interface_s.ep.rosidl_typesupport_c.c.o[0m
[3.291s] [ 90%] [32mBuilding C object CMakeFiles/aruco_interface__rosidl_typesupport_fastrtps_c__pyext.dir/rosidl_generator_py/aruco_interface/_aruco_interface_s.ep.rosidl_typesupport_fastrtps_c.c.o[0m
[3.382s] [ 96%] [32m[1mLinking C shared library rosidl_generator_py/aruco_interface/aruco_interface_s__rosidl_typesupport_c.cpython-38-x86_64-linux-gnu.so[0m
[3.382s] [ 96%] [32m[1mLinking C shared library rosidl_generator_py/aruco_interface/aruco_interface_s__rosidl_typesupport_introspection_c.cpython-38-x86_64-linux-gnu.so[0m
[3.391s] [100%] [32m[1mLinking CXX shared library rosidl_generator_py/aruco_interface/aruco_interface_s__rosidl_typesupport_fastrtps_c.cpython-38-x86_64-linux-gnu.so[0m
[3.424s] [100%] Built target aruco_interface__rosidl_typesupport_c__pyext
[3.425s] [100%] Built target aruco_interface__rosidl_typesupport_introspection_c__pyext
[3.470s] [100%] Built target aruco_interface__rosidl_typesupport_fastrtps_c__pyext
[3.482s] Invoked command in '/home/ben/Desktop/swarm_crawler/software/swarm_crawler/aruco_interface/build/aruco_interface' returned '0': CMAKE_PREFIX_PATH=${CMAKE_PREFIX_PATH}:/opt/ros/galactic /usr/bin/cmake --build /home/ben/Desktop/swarm_crawler/software/swarm_crawler/aruco_interface/build/aruco_interface -- -j12 -l12
[3.554s] Invoking command in '/home/ben/Desktop/swarm_crawler/software/swarm_crawler/aruco_interface/build/aruco_interface': CMAKE_PREFIX_PATH=${CMAKE_PREFIX_PATH}:/opt/ros/galactic /usr/bin/cmake --install /home/ben/Desktop/swarm_crawler/software/swarm_crawler/aruco_interface/build/aruco_interface
[3.562s] -- Install configuration: ""
[3.562s] -- Installing: /home/ben/Desktop/swarm_crawler/software/swarm_crawler/aruco_interface/install/aruco_interface/share/ament_index/resource_index/rosidl_interfaces/aruco_interface
[3.563s] -- Installing: /home/ben/Desktop/swarm_crawler/software/swarm_crawler/aruco_interface/install/aruco_interface/include/aruco_interface
[3.563s] -- Installing: /home/ben/Desktop/swarm_crawler/software/swarm_crawler/aruco_interface/install/aruco_interface/include/aruco_interface/msg
[3.563s] -- Installing: /home/ben/Desktop/swarm_crawler/software/swarm_crawler/aruco_interface/install/aruco_interface/include/aruco_interface/msg/detail
[3.563s] -- Installing: /home/ben/Desktop/swarm_crawler/software/swarm_crawler/aruco_interface/install/aruco_interface/include/aruco_interface/msg/detail/aruco_markers__type_support.h
[3.563s] -- Installing: /home/ben/Desktop/swarm_crawler/software/swarm_crawler/aruco_interface/install/aruco_interface/include/aruco_interface/msg/detail/aruco_markers__functions.c
[3.563s] -- Installing: /home/ben/Desktop/swarm_crawler/software/swarm_crawler/aruco_interface/install/aruco_interface/include/aruco_interface/msg/detail/aruco_markers__struct.h
[3.564s] -- Installing: /home/ben/Desktop/swarm_crawler/software/swarm_crawler/aruco_interface/install/aruco_interface/include/aruco_interface/msg/detail/aruco_markers__functions.h
[3.564s] -- Installing: /home/ben/Desktop/swarm_crawler/software/swarm_crawler/aruco_interface/install/aruco_interface/include/aruco_interface/msg/aruco_markers.h
[3.564s] -- Installing: /home/ben/Desktop/swarm_crawler/software/swarm_crawler/aruco_interface/install/aruco_interface/include/aruco_interface/msg/rosidl_generator_c__visibility_control.h
[3.564s] -- Installing: /home/ben/Desktop/swarm_crawler/software/swarm_crawler/aruco_interface/install/aruco_interface/share/aruco_interface/environment/library_path.sh
[3.564s] -- Installing: /home/ben/Desktop/swarm_crawler/software/swarm_crawler/aruco_interface/install/aruco_interface/share/aruco_interface/environment/library_path.dsv
[3.564s] -- Installing: /home/ben/Desktop/swarm_crawler/software/swarm_crawler/aruco_interface/install/aruco_interface/lib/libaruco_interface__rosidl_generator_c.so
[3.564s] -- Set runtime path of "/home/ben/Desktop/swarm_crawler/software/swarm_crawler/aruco_interface/install/aruco_interface/lib/libaruco_interface__rosidl_generator_c.so" to ""
[3.565s] -- Up-to-date: /home/ben/Desktop/swarm_crawler/software/swarm_crawler/aruco_interface/install/aruco_interface/include/aruco_interface
[3.565s] -- Up-to-date: /home/ben/Desktop/swarm_crawler/software/swarm_crawler/aruco_interface/install/aruco_interface/include/aruco_interface/msg
[3.565s] -- Up-to-date: /home/ben/Desktop/swarm_crawler/software/swarm_crawler/aruco_interface/install/aruco_interface/include/aruco_interface/msg/detail
[3.565s] -- Installing: /home/ben/Desktop/swarm_crawler/software/swarm_crawler/aruco_interface/install/aruco_interface/include/aruco_interface/msg/detail/aruco_markers__rosidl_typesupport_fastrtps_c.h
[3.565s] -- Installing: /home/ben/Desktop/swarm_crawler/software/swarm_crawler/aruco_interface/install/aruco_interface/include/aruco_interface/msg/rosidl_typesupport_fastrtps_c__visibility_control.h
[3.565s] -- Installing: /home/ben/Desktop/swarm_crawler/software/swarm_crawler/aruco_interface/install/aruco_interface/lib/libaruco_interface__rosidl_typesupport_fastrtps_c.so
[3.565s] -- Set runtime path of "/home/ben/Desktop/swarm_crawler/software/swarm_crawler/aruco_interface/install/aruco_interface/lib/libaruco_interface__rosidl_typesupport_fastrtps_c.so" to ""
[3.566s] -- Up-to-date: /home/ben/Desktop/swarm_crawler/software/swarm_crawler/aruco_interface/install/aruco_interface/include/aruco_interface
[3.566s] -- Up-to-date: /home/ben/Desktop/swarm_crawler/software/swarm_crawler/aruco_interface/install/aruco_interface/include/aruco_interface/msg
[3.566s] -- Up-to-date: /home/ben/Desktop/swarm_crawler/software/swarm_crawler/aruco_interface/install/aruco_interface/include/aruco_interface/msg/detail
[3.566s] -- Installing: /home/ben/Desktop/swarm_crawler/software/swarm_crawler/aruco_interface/install/aruco_interface/include/aruco_interface/msg/detail/dds_fastrtps
[3.566s] -- Installing: /home/ben/Desktop/swarm_crawler/software/swarm_crawler/aruco_interface/install/aruco_interface/include/aruco_interface/msg/detail/aruco_markers__rosidl_typesupport_fastrtps_cpp.hpp
[3.566s] -- Installing: /home/ben/Desktop/swarm_crawler/software/swarm_crawler/aruco_interface/install/aruco_interface/include/aruco_interface/msg/rosidl_typesupport_fastrtps_cpp__visibility_control.h
[3.567s] -- Installing: /home/ben/Desktop/swarm_crawler/software/swarm_crawler/aruco_interface/install/aruco_interface/lib/libaruco_interface__rosidl_typesupport_fastrtps_cpp.so
[3.567s] -- Set runtime path of "/home/ben/Desktop/swarm_crawler/software/swarm_crawler/aruco_interface/install/aruco_interface/lib/libaruco_interface__rosidl_typesupport_fastrtps_cpp.so" to ""
[3.567s] -- Up-to-date: /home/ben/Desktop/swarm_crawler/software/swarm_crawler/aruco_interface/install/aruco_interface/include/aruco_interface
[3.567s] -- Up-to-date: /home/ben/Desktop/swarm_crawler/software/swarm_crawler/aruco_interface/install/aruco_interface/include/aruco_interface/msg
[3.567s] -- Installing: /home/ben/Desktop/swarm_crawler/software/swarm_crawler/aruco_interface/install/aruco_interface/include/aruco_interface/msg/rosidl_typesupport_introspection_c__visibility_control.h
[3.567s] -- Up-to-date: /home/ben/Desktop/swarm_crawler/software/swarm_crawler/aruco_interface/install/aruco_interface/include/aruco_interface/msg/detail
[3.567s] -- Installing: /home/ben/Desktop/swarm_crawler/software/swarm_crawler/aruco_interface/install/aruco_interface/include/aruco_interface/msg/detail/aruco_markers__type_support.c
[3.568s] -- Installing: /home/ben/Desktop/swarm_crawler/software/swarm_crawler/aruco_interface/install/aruco_interface/include/aruco_interface/msg/detail/aruco_markers__rosidl_typesupport_introspection_c.h
[3.568s] -- Installing: /home/ben/Desktop/swarm_crawler/software/swarm_crawler/aruco_interface/install/aruco_interface/lib/libaruco_interface__rosidl_typesupport_introspection_c.so
[3.568s] -- Set runtime path of "/home/ben/Desktop/swarm_crawler/software/swarm_crawler/aruco_interface/install/aruco_interface/lib/libaruco_interface__rosidl_typesupport_introspection_c.so" to ""
[3.568s] -- Installing: /home/ben/Desktop/swarm_crawler/software/swarm_crawler/aruco_interface/install/aruco_interface/lib/libaruco_interface__rosidl_typesupport_c.so
[3.569s] -- Set runtime path of "/home/ben/Desktop/swarm_crawler/software/swarm_crawler/aruco_interface/install/aruco_interface/lib/libaruco_interface__rosidl_typesupport_c.so" to ""
[3.569s] -- Up-to-date: /home/ben/Desktop/swarm_crawler/software/swarm_crawler/aruco_interface/install/aruco_interface/include/aruco_interface
[3.569s] -- Up-to-date: /home/ben/Desktop/swarm_crawler/software/swarm_crawler/aruco_interface/install/aruco_interface/include/aruco_interface/msg
[3.569s] -- Installing: /home/ben/Desktop/swarm_crawler/software/swarm_crawler/aruco_interface/install/aruco_interface/include/aruco_interface/msg/aruco_markers.hpp
[3.569s] -- Up-to-date: /home/ben/Desktop/swarm_crawler/software/swarm_crawler/aruco_interface/install/aruco_interface/include/aruco_interface/msg/detail
[3.569s] -- Installing: /home/ben/Desktop/swarm_crawler/software/swarm_crawler/aruco_interface/install/aruco_interface/include/aruco_interface/msg/detail/aruco_markers__struct.hpp
[3.570s] -- Installing: /home/ben/Desktop/swarm_crawler/software/swarm_crawler/aruco_interface/install/aruco_interface/include/aruco_interface/msg/detail/aruco_markers__builder.hpp
[3.570s] -- Installing: /home/ben/Desktop/swarm_crawler/software/swarm_crawler/aruco_interface/install/aruco_interface/include/aruco_interface/msg/detail/aruco_markers__traits.hpp
[3.570s] -- Up-to-date: /home/ben/Desktop/swarm_crawler/software/swarm_crawler/aruco_interface/install/aruco_interface/include/aruco_interface
[3.570s] -- Up-to-date: /home/ben/Desktop/swarm_crawler/software/swarm_crawler/aruco_interface/install/aruco_interface/include/aruco_interface/msg
[3.570s] -- Up-to-date: /home/ben/Desktop/swarm_crawler/software/swarm_crawler/aruco_interface/install/aruco_interface/include/aruco_interface/msg/detail
[3.570s] -- Installing: /home/ben/Desktop/swarm_crawler/software/swarm_crawler/aruco_interface/install/aruco_interface/include/aruco_interface/msg/detail/aruco_markers__type_support.cpp
[3.570s] -- Installing: /home/ben/Desktop/swarm_crawler/software/swarm_crawler/aruco_interface/install/aruco_interface/include/aruco_interface/msg/detail/aruco_markers__rosidl_typesupport_introspection_cpp.hpp
[3.571s] -- Installing: /home/ben/Desktop/swarm_crawler/software/swarm_crawler/aruco_interface/install/aruco_interface/lib/libaruco_interface__rosidl_typesupport_introspection_cpp.so
[3.571s] -- Set runtime path of "/home/ben/Desktop/swarm_crawler/software/swarm_crawler/aruco_interface/install/aruco_interface/lib/libaruco_interface__rosidl_typesupport_introspection_cpp.so" to ""
[3.571s] -- Installing: /home/ben/Desktop/swarm_crawler/software/swarm_crawler/aruco_interface/install/aruco_interface/lib/libaruco_interface__rosidl_typesupport_cpp.so
[3.571s] -- Set runtime path of "/home/ben/Desktop/swarm_crawler/software/swarm_crawler/aruco_interface/install/aruco_interface/lib/libaruco_interface__rosidl_typesupport_cpp.so" to ""
[3.571s] -- Installing: /home/ben/Desktop/swarm_crawler/software/swarm_crawler/aruco_interface/install/aruco_interface/share/aruco_interface/environment/pythonpath.sh
[3.571s] -- Installing: /home/ben/Desktop/swarm_crawler/software/swarm_crawler/aruco_interface/install/aruco_interface/share/aruco_interface/environment/pythonpath.dsv
[3.571s] -- Installing: /home/ben/Desktop/swarm_crawler/software/swarm_crawler/aruco_interface/install/aruco_interface/lib/python3.8/site-packages/aruco_interface/__init__.py
[3.601s] Compiling '/home/ben/Desktop/swarm_crawler/software/swarm_crawler/aruco_interface/install/aruco_interface/lib/python3.8/site-packages/aruco_interface/__init__.py'...
[3.605s] -- Installing: /home/ben/Desktop/swarm_crawler/software/swarm_crawler/aruco_interface/install/aruco_interface/lib/python3.8/site-packages/aruco_interface/msg
[3.605s] -- Installing: /home/ben/Desktop/swarm_crawler/software/swarm_crawler/aruco_interface/install/aruco_interface/lib/python3.8/site-packages/aruco_interface/msg/_aruco_markers.py
[3.605s] -- Installing: /home/ben/Desktop/swarm_crawler/software/swarm_crawler/aruco_interface/install/aruco_interface/lib/python3.8/site-packages/aruco_interface/msg/__init__.py
[3.605s] -- Installing: /home/ben/Desktop/swarm_crawler/software/swarm_crawler/aruco_interface/install/aruco_interface/lib/python3.8/site-packages/aruco_interface/msg/_aruco_markers_s.c
[3.605s] -- Installing: /home/ben/Desktop/swarm_crawler/software/swarm_crawler/aruco_interface/install/aruco_interface/lib/python3.8/site-packages/aruco_interface/aruco_interface_s__rosidl_typesupport_fastrtps_c.cpython-38-x86_64-linux-gnu.so
[3.606s] -- Set runtime path of "/home/ben/Desktop/swarm_crawler/software/swarm_crawler/aruco_interface/install/aruco_interface/lib/python3.8/site-packages/aruco_interface/aruco_interface_s__rosidl_typesupport_fastrtps_c.cpython-38-x86_64-linux-gnu.so" to ""
[3.606s] -- Installing: /home/ben/Desktop/swarm_crawler/software/swarm_crawler/aruco_interface/install/aruco_interface/lib/python3.8/site-packages/aruco_interface/aruco_interface_s__rosidl_typesupport_introspection_c.cpython-38-x86_64-linux-gnu.so
[3.607s] -- Set runtime path of "/home/ben/Desktop/swarm_crawler/software/swarm_crawler/aruco_interface/install/aruco_interface/lib/python3.8/site-packages/aruco_interface/aruco_interface_s__rosidl_typesupport_introspection_c.cpython-38-x86_64-linux-gnu.so" to ""
[3.607s] -- Installing: /home/ben/Desktop/swarm_crawler/software/swarm_crawler/aruco_interface/install/aruco_interface/lib/python3.8/site-packages/aruco_interface/aruco_interface_s__rosidl_typesupport_c.cpython-38-x86_64-linux-gnu.so
[3.608s] -- Set runtime path of "/home/ben/Desktop/swarm_crawler/software/swarm_crawler/aruco_interface/install/aruco_interface/lib/python3.8/site-packages/aruco_interface/aruco_interface_s__rosidl_typesupport_c.cpython-38-x86_64-linux-gnu.so" to ""
[3.608s] -- Installing: /home/ben/Desktop/swarm_crawler/software/swarm_crawler/aruco_interface/install/aruco_interface/lib/libaruco_interface__python.so
[3.608s] -- Set runtime path of "/home/ben/Desktop/swarm_crawler/software/swarm_crawler/aruco_interface/install/aruco_interface/lib/libaruco_interface__python.so" to ""
[3.608s] -- Installing: /home/ben/Desktop/swarm_crawler/software/swarm_crawler/aruco_interface/install/aruco_interface/share/aruco_interface/msg/ArucoMarkers.idl
[3.609s] -- Installing: /home/ben/Desktop/swarm_crawler/software/swarm_crawler/aruco_interface/install/aruco_interface/share/aruco_interface/msg/ArucoMarkers.msg
[3.609s] -- Installing: /home/ben/Desktop/swarm_crawler/software/swarm_crawler/aruco_interface/install/aruco_interface/share/ament_index/resource_index/package_run_dependencies/aruco_interface
[3.609s] -- Up-to-date: /home/ben/Desktop/swarm_crawler/software/swarm_crawler/aruco_interface/install/aruco_interface/share/ament_index/resource_index/parent_prefix_path/aruco_interface
[3.609s] -- Up-to-date: /home/ben/Desktop/swarm_crawler/software/swarm_crawler/aruco_interface/install/aruco_interface/share/aruco_interface/environment/ament_prefix_path.sh
[3.609s] -- Installing: /home/ben/Desktop/swarm_crawler/software/swarm_crawler/aruco_interface/install/aruco_interface/share/aruco_interface/environment/ament_prefix_path.dsv
[3.609s] -- Up-to-date: /home/ben/Desktop/swarm_crawler/software/swarm_crawler/aruco_interface/install/aruco_interface/share/aruco_interface/environment/path.sh
[3.610s] -- Installing: /home/ben/Desktop/swarm_crawler/software/swarm_crawler/aruco_interface/install/aruco_interface/share/aruco_interface/environment/path.dsv
[3.610s] -- Up-to-date: /home/ben/Desktop/swarm_crawler/software/swarm_crawler/aruco_interface/install/aruco_interface/share/aruco_interface/local_setup.bash
[3.611s] -- Installing: /home/ben/Desktop/swarm_crawler/software/swarm_crawler/aruco_interface/install/aruco_interface/share/aruco_interface/local_setup.sh
[3.611s] -- Up-to-date: /home/ben/Desktop/swarm_crawler/software/swarm_crawler/aruco_interface/install/aruco_interface/share/aruco_interface/local_setup.zsh
[3.611s] -- Installing: /home/ben/Desktop/swarm_crawler/software/swarm_crawler/aruco_interface/install/aruco_interface/share/aruco_interface/local_setup.dsv
[3.611s] -- Installing: /home/ben/Desktop/swarm_crawler/software/swarm_crawler/aruco_interface/install/aruco_interface/share/aruco_interface/package.dsv
[3.611s] -- Up-to-date: /home/ben/Desktop/swarm_crawler/software/swarm_crawler/aruco_interface/install/aruco_interface/share/ament_index/resource_index/packages/aruco_interface
[3.611s] -- Installing: /home/ben/Desktop/swarm_crawler/software/swarm_crawler/aruco_interface/install/aruco_interface/share/aruco_interface/cmake/aruco_interface__rosidl_generator_cExport.cmake
[3.611s] -- Installing: /home/ben/Desktop/swarm_crawler/software/swarm_crawler/aruco_interface/install/aruco_interface/share/aruco_interface/cmake/aruco_interface__rosidl_generator_cExport-noconfig.cmake
[3.612s] -- Installing: /home/ben/Desktop/swarm_crawler/software/swarm_crawler/aruco_interface/install/aruco_interface/share/aruco_interface/cmake/aruco_interface__rosidl_typesupport_introspection_cExport.cmake
[3.612s] -- Installing: /home/ben/Desktop/swarm_crawler/software/swarm_crawler/aruco_interface/install/aruco_interface/share/aruco_interface/cmake/aruco_interface__rosidl_typesupport_introspection_cExport-noconfig.cmake
[3.612s] -- Installing: /home/ben/Desktop/swarm_crawler/software/swarm_crawler/aruco_interface/install/aruco_interface/share/aruco_interface/cmake/aruco_interface__rosidl_typesupport_cExport.cmake
[3.612s] -- Installing: /home/ben/Desktop/swarm_crawler/software/swarm_crawler/aruco_interface/install/aruco_interface/share/aruco_interface/cmake/aruco_interface__rosidl_typesupport_cExport-noconfig.cmake
[3.612s] -- Installing: /home/ben/Desktop/swarm_crawler/software/swarm_crawler/aruco_interface/install/aruco_interface/share/aruco_interface/cmake/aruco_interface__rosidl_generator_cppExport.cmake
[3.613s] -- Installing: /home/ben/Desktop/swarm_crawler/software/swarm_crawler/aruco_interface/install/aruco_interface/share/aruco_interface/cmake/aruco_interface__rosidl_typesupport_introspection_cppExport.cmake
[3.613s] -- Installing: /home/ben/Desktop/swarm_crawler/software/swarm_crawler/aruco_interface/install/aruco_interface/share/aruco_interface/cmake/aruco_interface__rosidl_typesupport_introspection_cppExport-noconfig.cmake
[3.613s] -- Installing: /home/ben/Desktop/swarm_crawler/software/swarm_crawler/aruco_interface/install/aruco_interface/share/aruco_interface/cmake/aruco_interface__rosidl_typesupport_cppExport.cmake
[3.616s] -- Installing: /home/ben/Desktop/swarm_crawler/software/swarm_crawler/aruco_interface/install/aruco_interface/share/aruco_interface/cmake/aruco_interface__rosidl_typesupport_cppExport-noconfig.cmake
[3.619s] -- Installing: /home/ben/Desktop/swarm_crawler/software/swarm_crawler/aruco_interface/install/aruco_interface/share/aruco_interface/cmake/rosidl_cmake-extras.cmake
[3.621s] -- Installing: /home/ben/Desktop/swarm_crawler/software/swarm_crawler/aruco_interface/install/aruco_interface/share/aruco_interface/cmake/ament_cmake_export_dependencies-extras.cmake
[3.627s] -- Installing: /home/ben/Desktop/swarm_crawler/software/swarm_crawler/aruco_interface/install/aruco_interface/share/aruco_interface/cmake/ament_cmake_export_libraries-extras.cmake
[3.628s] -- Installing: /home/ben/Desktop/swarm_crawler/software/swarm_crawler/aruco_interface/install/aruco_interface/share/aruco_interface/cmake/ament_cmake_export_targets-extras.cmake
[3.628s] -- Installing: /home/ben/Desktop/swarm_crawler/software/swarm_crawler/aruco_interface/install/aruco_interface/share/aruco_interface/cmake/ament_cmake_export_include_directories-extras.cmake
[3.628s] -- Installing: /home/ben/Desktop/swarm_crawler/software/swarm_crawler/aruco_interface/install/aruco_interface/share/aruco_interface/cmake/rosidl_cmake_export_typesupport_libraries-extras.cmake
[3.628s] -- Installing: /home/ben/Desktop/swarm_crawler/software/swarm_crawler/aruco_interface/install/aruco_interface/share/aruco_interface/cmake/rosidl_cmake_export_typesupport_targets-extras.cmake
[3.628s] -- Installing: /home/ben/Desktop/swarm_crawler/software/swarm_crawler/aruco_interface/install/aruco_interface/share/aruco_interface/cmake/aruco_interfaceConfig.cmake
[3.628s] -- Up-to-date: /home/ben/Desktop/swarm_crawler/software/swarm_crawler/aruco_interface/install/aruco_interface/share/aruco_interface/cmake/aruco_interfaceConfig-version.cmake
[3.629s] -- Installing: /home/ben/Desktop/swarm_crawler/software/swarm_crawler/aruco_interface/install/aruco_interface/share/aruco_interface/package.xml
[3.629s] Invoked command in '/home/ben/Desktop/swarm_crawler/software/swarm_crawler/aruco_interface/build/aruco_interface' returned '0': CMAKE_PREFIX_PATH=${CMAKE_PREFIX_PATH}:/opt/ros/galactic /usr/bin/cmake --install /home/ben/Desktop/swarm_crawler/software/swarm_crawler/aruco_interface/build/aruco_interface
