[0.023s] Invoking command in '/home/ben/Desktop/swarm_crawler/build/realsense2_camera_msgs': /usr/bin/cmake /home/ben/Desktop/swarm_crawler/software/realsense-ros/realsense2_camera_msgs -DCMAKE_INSTALL_PREFIX=/home/ben/Desktop/swarm_crawler/install/realsense2_camera_msgs
[0.134s] -- The C compiler identification is GNU 9.4.0
[0.215s] -- The CXX compiler identification is GNU 9.4.0
[0.221s] -- Check for working C compiler: /usr/bin/cc
[0.295s] -- Check for working C compiler: /usr/bin/cc -- works
[0.297s] -- Detecting C compiler ABI info
[0.392s] -- Detecting C compiler ABI info - done
[0.411s] -- Detecting C compile features
[0.412s] -- Detecting C compile features - done
[0.415s] -- Check for working CXX compiler: /usr/bin/c++
[0.505s] -- Check for working CXX compiler: /usr/bin/c++ -- works
[0.507s] -- Detecting CXX compiler ABI info
[0.599s] -- Detecting CXX compiler ABI info - done
[0.617s] -- Detecting CXX compile features
[0.618s] -- Detecting CXX compile features - done
[0.629s] CMake Error at CMakeLists.txt:16 (find_package):
[0.629s]   By not providing "Findament_cmake.cmake" in CMAKE_MODULE_PATH this project
[0.630s]   has asked CMake to find a package configuration file provided by
[0.630s]   "ament_cmake", but CMake did not find one.
[0.630s] 
[0.630s]   Could not find a package configuration file provided by "ament_cmake" with
[0.630s]   any of the following names:
[0.630s] 
[0.630s]     ament_cmakeConfig.cmake
[0.630s]     ament_cmake-config.cmake
[0.630s] 
[0.631s]   Add the installation prefix of "ament_cmake" to CMAKE_PREFIX_PATH or set
[0.631s]   "ament_cmake_DIR" to a directory containing one of the above files.  If
[0.631s]   "ament_cmake" provides a separate development package or SDK, be sure it
[0.631s]   has been installed.
[0.631s] 
[0.631s] 
[0.631s] -- Configuring incomplete, errors occurred!
[0.631s] See also "/home/ben/Desktop/swarm_crawler/build/realsense2_camera_msgs/CMakeFiles/CMakeOutput.log".
[0.633s] Invoked command in '/home/ben/Desktop/swarm_crawler/build/realsense2_camera_msgs' returned '1': /usr/bin/cmake /home/ben/Desktop/swarm_crawler/software/realsense-ros/realsense2_camera_msgs -DCMAKE_INSTALL_PREFIX=/home/ben/Desktop/swarm_crawler/install/realsense2_camera_msgs
