[0.022s] Invoking command in '/home/ben/Desktop/swarm_crawler/software/swarm_crawler/aruco_interface/build/aruco_interface': CMAKE_PREFIX_PATH=${CMAKE_PREFIX_PATH}:/opt/ros/galactic /usr/bin/cmake --build /home/ben/Desktop/swarm_crawler/software/swarm_crawler/aruco_interface/build/aruco_interface -- -j12 -l12
[0.049s] -- Found ament_cmake: 1.1.6 (/opt/ros/galactic/share/ament_cmake/cmake)
[0.068s] -- Found PythonInterp: /usr/bin/python3 (found suitable version "3.8.10", minimum required is "3") 
[0.068s] -- Using PYTHON_EXECUTABLE: /usr/bin/python3
[0.128s] -- Found rosidl_default_generators: 1.1.1 (/opt/ros/galactic/share/rosidl_default_generators/cmake)
[0.131s] -- Using all available rosidl_typesupport_c: rosidl_typesupport_fastrtps_c;rosidl_typesupport_introspection_c
[0.135s] -- Found rosidl_adapter: 2.2.3 (/opt/ros/galactic/share/rosidl_adapter/cmake)
[0.282s] -- Using all available rosidl_typesupport_cpp: rosidl_typesupport_fastrtps_cpp;rosidl_typesupport_introspection_cpp
[0.328s] -- Found PythonInterp: /usr/bin/python3 (found version "3.8.10") 
[0.435s] -- Found ament_cmake_ros: 0.9.2 (/opt/ros/galactic/share/ament_cmake_ros/cmake)
[0.548s] -- Using all available rosidl_typesupport_c: rosidl_typesupport_fastrtps_c;rosidl_typesupport_introspection_c
[0.554s] -- Using all available rosidl_typesupport_cpp: rosidl_typesupport_fastrtps_cpp;rosidl_typesupport_introspection_cpp
[0.575s] -- Found PythonInterp: /usr/bin/python3 (found suitable version "3.8.10", minimum required is "3.5") 
[0.575s] -- Found python_cmake_module: 0.8.1 (/opt/ros/galactic/share/python_cmake_module/cmake)
[0.595s] -- Using PYTHON_EXECUTABLE: /usr/bin/python3
[0.595s] -- Using PYTHON_INCLUDE_DIRS: /usr/include/python3.8
[0.595s] -- Using PYTHON_LIBRARIES: /usr/lib/x86_64-linux-gnu/libpython3.8.so
[0.609s] CMake Error at /opt/ros/galactic/share/rosidl_cmake/cmake/rosidl_target_interfaces.cmake:46 (message):
[0.609s]   rosidl_target_interfaces() the second argument 'aruco_interface'
[0.609s]   concatenated with the third argument 'aruco_marker_pose_estimation_py'
[0.609s]   using double underscores must be a valid target name
[0.609s] Call Stack (most recent call first):
[0.610s]   CMakeLists.txt:22 (rosidl_target_interfaces)
[0.610s] 
[0.610s] 
[0.611s] -- Configuring incomplete, errors occurred!
[0.611s] See also "/home/ben/Desktop/swarm_crawler/software/swarm_crawler/aruco_interface/build/aruco_interface/CMakeFiles/CMakeOutput.log".
[0.620s] make: *** [Makefile:222: cmake_check_build_system] Error 1
[0.626s] Invoked command in '/home/ben/Desktop/swarm_crawler/software/swarm_crawler/aruco_interface/build/aruco_interface' returned '2': CMAKE_PREFIX_PATH=${CMAKE_PREFIX_PATH}:/opt/ros/galactic /usr/bin/cmake --build /home/ben/Desktop/swarm_crawler/software/swarm_crawler/aruco_interface/build/aruco_interface -- -j12 -l12
