Added Component: Designator=U6(MODULE_SL871LS3232R001)
Added Pin To Net: NetName=I2C1_SDA_IMU Pin=J8-CN7_21
Added Pin To Net: NetName=GND Pin=U6-1
Added Pin To Net: NetName=UART4_TX_GPS Pin=U6-2
Added Pin To Net: NetName=UART4_RX_GPS Pin=U6-3
Added Pin To Net: NetName=1PPS Pin=U6-4
Added Pin To Net: NetName=3V3_GPS Pin=U6-6
Added Pin To Net: NetName=3V3_GPS Pin=U6-8
Added Pin To Net: NetName=GND Pin=U6-10
Added Pin To Net: NetName=NetC12_1 Pin=U6-11
Added Pin To Net: NetName=GND Pin=U6-12
Added Pin To Net: NetName=NetR8_2 Pin=U6-13
Added Pin To Net: NetName=NetQ1_2 Pin=U6-14
Added Pin To Net: NetName=ANT-SC-N Pin=U6-15
Added Pin To Net: NetName=FORCE-ON-N Pin=U6-18
Added Member To Class: ClassName=microController Member=Component R? Res1
Added Member To Class: ClassName=microController Member=Component R? Res1
Added Member To Class: ClassName=microController Member=Component R? Res1
Added Member To Class: ClassName=microController Member=Component R? Res1
Added Member To Class: ClassName=Sensor Member=Component U6 GPS_FN
Added Room: Name=Connectors
Added Room: Name=microController
Added Room: Name=Nucleo
Added Room: Name=Power
Added Room: Name=Sensor
