[0.020s] Invoking command in '/home/ben/Desktop/swarm_crawler/software/swarm_crawler/aruco_interface/build/aruco_interface': CMAKE_PREFIX_PATH=${CMAKE_PREFIX_PATH}:/opt/ros/galactic /usr/bin/cmake --build /home/ben/Desktop/swarm_crawler/software/swarm_crawler/aruco_interface/build/aruco_interface -- -j12 -l12
[0.048s] -- Found ament_cmake: 1.1.6 (/opt/ros/galactic/share/ament_cmake/cmake)
[0.067s] -- Found PythonInterp: /usr/bin/python3 (found suitable version "3.8.10", minimum required is "3") 
[0.067s] -- Using PYTHON_EXECUTABLE: /usr/bin/python3
[0.127s] -- Found rosidl_default_generators: 1.1.1 (/opt/ros/galactic/share/rosidl_default_generators/cmake)
[0.130s] -- Using all available rosidl_typesupport_c: rosidl_typesupport_fastrtps_c;rosidl_typesupport_introspection_c
[0.133s] -- Found rosidl_adapter: 2.2.3 (/opt/ros/galactic/share/rosidl_adapter/cmake)
[0.274s] -- Using all available rosidl_typesupport_cpp: rosidl_typesupport_fastrtps_cpp;rosidl_typesupport_introspection_cpp
[0.322s] -- Found PythonInterp: /usr/bin/python3 (found version "3.8.10") 
[0.433s] -- Found ament_cmake_ros: 0.9.2 (/opt/ros/galactic/share/ament_cmake_ros/cmake)
[0.535s] -- Using all available rosidl_typesupport_c: rosidl_typesupport_fastrtps_c;rosidl_typesupport_introspection_c
[0.546s] -- Using all available rosidl_typesupport_cpp: rosidl_typesupport_fastrtps_cpp;rosidl_typesupport_introspection_cpp
[0.569s] -- Found PythonInterp: /usr/bin/python3 (found suitable version "3.8.10", minimum required is "3.5") 
[0.569s] -- Found python_cmake_module: 0.8.1 (/opt/ros/galactic/share/python_cmake_module/cmake)
[0.591s] -- Using PYTHON_EXECUTABLE: /usr/bin/python3
[0.591s] -- Using PYTHON_INCLUDE_DIRS: /usr/include/python3.8
[0.591s] -- Using PYTHON_LIBRARIES: /usr/lib/x86_64-linux-gnu/libpython3.8.so
[0.605s] CMake Error at /opt/ros/galactic/share/rosidl_cmake/cmake/rosidl_target_interfaces.cmake:54 (target_include_directories):
[0.605s]   target_include_directories called with non-compilable target type
[0.605s] Call Stack (most recent call first):
[0.605s]   CMakeLists.txt:22 (rosidl_target_interfaces)
[0.605s] 
[0.605s] 
[0.605s] -- Found ament_lint_auto: 0.10.7 (/opt/ros/galactic/share/ament_lint_auto/cmake)
[0.620s] -- Added test 'copyright' to check source files copyright and LICENSE
[0.643s] -- Added test 'cppcheck' to perform static code analysis on C / C++ code
[0.644s] -- Configured cppcheck include dirs: $<BUILD_INTERFACE:/home/ben/Desktop/swarm_crawler/software/swarm_crawler/aruco_interface/build/aruco_interface/rosidl_generator_c>;/home/ben/Desktop/swarm_crawler/software/swarm_crawler/aruco_interface/build/aruco_interface/rosidl_generator_c;/home/ben/Desktop/swarm_crawler/software/swarm_crawler/aruco_interface/build/aruco_interface/rosidl_generator_cpp;/home/ben/Desktop/swarm_crawler/software/swarm_crawler/aruco_interface/build/aruco_interface/rosidl_typesupport_fastrtps_c;/home/ben/Desktop/swarm_crawler/software/swarm_crawler/aruco_interface/build/aruco_interface/rosidl_typesupport_fastrtps_cpp;$<BUILD_INTERFACE:/home/ben/Desktop/swarm_crawler/software/swarm_crawler/aruco_interface/build/aruco_interface/rosidl_typesupport_introspection_c>;$<BUILD_INTERFACE:/home/ben/Desktop/swarm_crawler/software/swarm_crawler/aruco_interface/build/aruco_interface/rosidl_typesupport_c>;$<BUILD_INTERFACE:/home/ben/Desktop/swarm_crawler/software/swarm_crawler/aruco_interface/build/aruco_interface/rosidl_generator_cpp>;/home/ben/Desktop/swarm_crawler/software/swarm_crawler/aruco_interface/build/aruco_interface/rosidl_generator_py
[0.644s] -- Configured cppcheck exclude dirs and/or files: 
[0.667s] -- Added test 'cpplint' to check C / C++ code against the Google style
[0.667s] -- Configured cpplint exclude dirs and/or files: 
[0.670s] -- Added test 'flake8' to check Python code syntax and style conventions
[0.676s] -- Added test 'lint_cmake' to check CMake code style
[0.679s] -- Added test 'pep257' to check Python code against some of the style conventions in PEP 257
[0.702s] -- Added test 'uncrustify' to check C / C++ code style
[0.702s] -- Configured uncrustify additional arguments: 
[0.705s] -- Added test 'xmllint' to check XML markup files
[0.710s] -- Configuring incomplete, errors occurred!
[0.710s] See also "/home/ben/Desktop/swarm_crawler/software/swarm_crawler/aruco_interface/build/aruco_interface/CMakeFiles/CMakeOutput.log".
[0.717s] make: *** [Makefile:222: cmake_check_build_system] Error 1
[0.720s] Invoked command in '/home/ben/Desktop/swarm_crawler/software/swarm_crawler/aruco_interface/build/aruco_interface' returned '2': CMAKE_PREFIX_PATH=${CMAKE_PREFIX_PATH}:/opt/ros/galactic /usr/bin/cmake --build /home/ben/Desktop/swarm_crawler/software/swarm_crawler/aruco_interface/build/aruco_interface -- -j12 -l12
